[2026-04-03T00:35:57.762Z] presence | thread:undefined | sender:undefined
[2026-04-03T00:35:57.800Z] presence | thread:undefined | sender:undefined
[2026-04-03T00:35:57.801Z] presence | thread:undefined | sender:undefined
[2026-04-03T00:35:57.801Z] presence | thread:undefined | sender:undefined
[2026-04-03T00:35:57.802Z] presence | thread:undefined | sender:undefined
[2026-04-03T00:36:45.630Z] read_receipt | thread:29764253159885334 | sender:undefined
[2026-04-03T00:37:06.891Z] typ | thread:29764253159885334 | sender:undefined
[2026-04-03T00:37:08.322Z] typ | thread:29764253159885334 | sender:undefined
[2026-04-03T00:37:08.593Z] read_receipt | thread:29764253159885334 | sender:undefined
[2026-04-03T00:37:11.585Z] typ | thread:29764253159885334 | sender:undefined
[2026-04-03T00:37:11.986Z] typ | thread:29764253159885334 | sender:undefined
[2026-04-03T00:37:24.618Z] typ | thread:29764253159885334 | sender:undefined
[2026-04-03T00:37:25.930Z] read_receipt | thread:29764253159885334 | sender:undefined
[2026-04-03T00:37:27.784Z] typ | thread:29764253159885334 | sender:undefined
[2026-04-03T00:37:29.963Z] read_receipt | thread:29764253159885334 | sender:undefined
[2026-04-03T00:37:31.167Z] read_receipt | thread:29764253159885334 | sender:undefined
[2026-04-03T00:37:34.126Z] typ | thread:29764253159885334 | sender:undefined
[2026-04-03T00:37:35.655Z] typ | thread:29764253159885334 | sender:undefined
[2026-04-03T00:37:36.067Z] read_receipt | thread:29764253159885334 | sender:undefined
[2026-04-03T00:37:36.288Z] read_receipt | thread:29764253159885334 | sender:undefined
[2026-04-03T00:38:28.544Z] presence | thread:undefined | sender:undefined
[2026-04-03T00:38:28.544Z] presence | thread:undefined | sender:undefined
[2026-04-03T00:40:47.899Z] read_receipt | thread:29764253159885334 | sender:undefined
[2026-04-03T00:40:59.283Z] presence | thread:undefined | sender:undefined
[2026-04-03T00:40:59.284Z] presence | thread:undefined | sender:undefined
[2026-04-03T00:41:06.558Z] read_receipt | thread:29764253159885334 | sender:undefined
[2026-04-03T00:41:07.274Z] message_reaction | thread:29764253159885334 | sender:100000434205615
[2026-04-03T00:42:47.228Z] message_reaction | thread:851427114136733 | sender:61587114874994
[2026-04-03T00:44:21.047Z] presence | thread:undefined | sender:undefined
[2026-04-03T00:44:21.047Z] presence | thread:undefined | sender:undefined
[2026-04-03T00:44:21.048Z] presence | thread:undefined | sender:undefined
[2026-04-03T00:44:21.048Z] presence | thread:undefined | sender:undefined
[2026-04-03T00:44:22.911Z] typ | thread:29764253159885334 | sender:undefined
[2026-04-03T00:44:26.402Z] typ | thread:29764253159885334 | sender:undefined
[2026-04-03T00:44:27.551Z] read_receipt | thread:29764253159885334 | sender:undefined
[2026-04-03T00:44:28.028Z] read_receipt | thread:29764253159885334 | sender:undefined
[2026-04-03T00:44:28.595Z] read_receipt | thread:29764253159885334 | sender:undefined
[2026-04-03T00:44:31.541Z] read_receipt | thread:29764253159885334 | sender:undefined
[2026-04-03T00:44:32.040Z] read_receipt | thread:29764253159885334 | sender:undefined
[2026-04-03T00:44:36.592Z] typ | thread:29764253159885334 | sender:undefined
[2026-04-03T00:44:40.875Z] typ | thread:29764253159885334 | sender:undefined
[2026-04-03T00:44:41.462Z] read_receipt | thread:29764253159885334 | sender:undefined
[2026-04-03T00:44:44.183Z] message_reaction | thread:29764253159885334 | sender:100000434205615
[2026-04-03T00:44:53.062Z] typ | thread:29764253159885334 | sender:undefined
[2026-04-03T00:44:55.383Z] typ | thread:29764253159885334 | sender:undefined
[2026-04-03T00:44:55.989Z] read_receipt | thread:29764253159885334 | sender:undefined
[2026-04-03T00:44:56.326Z] read_receipt | thread:29764253159885334 | sender:undefined
[2026-04-03T00:44:56.673Z] read_receipt | thread:29764253159885334 | sender:undefined
[2026-04-03T00:44:58.537Z] read_receipt | thread:29764253159885334 | sender:undefined
[2026-04-03T00:44:58.874Z] read_receipt | thread:29764253159885334 | sender:undefined
[2026-04-03T00:45:08.805Z] typ | thread:29764253159885334 | sender:undefined
[2026-04-03T00:45:11.082Z] typ | thread:29764253159885334 | sender:undefined
[2026-04-03T00:45:11.701Z] read_receipt | thread:29764253159885334 | sender:undefined
[2026-04-03T00:45:14.443Z] read_receipt | thread:29764253159885334 | sender:undefined
[2026-04-03T00:45:15.799Z] read_receipt | thread:29764253159885334 | sender:undefined
[2026-04-03T00:45:16.861Z] read_receipt | thread:29764253159885334 | sender:undefined
[2026-04-03T00:45:17.772Z] read_receipt | thread:29764253159885334 | sender:undefined
[2026-04-03T00:45:20.482Z] typ | thread:29764253159885334 | sender:undefined
[2026-04-03T00:45:29.948Z] typ | thread:29764253159885334 | sender:undefined
[2026-04-03T00:45:30.404Z] read_receipt | thread:29764253159885334 | sender:undefined
[2026-04-03T00:45:34.274Z] read_receipt | thread:29764253159885334 | sender:undefined
[2026-04-03T00:45:34.632Z] read_receipt | thread:29764253159885334 | sender:undefined
[2026-04-03T00:45:35.032Z] read_receipt | thread:29764253159885334 | sender:undefined
[2026-04-03T00:45:35.748Z] read_receipt | thread:29764253159885334 | sender:undefined
[2026-04-03T00:45:43.056Z] typ | thread:29764253159885334 | sender:undefined
[2026-04-03T00:45:44.357Z] typ | thread:29764253159885334 | sender:undefined
[2026-04-03T00:45:45.019Z] read_receipt | thread:29764253159885334 | sender:undefined
[2026-04-03T00:46:21.883Z] read_receipt | thread:29764253159885334 | sender:undefined
[2026-04-03T00:46:24.647Z] typ | thread:29764253159885334 | sender:undefined
[2026-04-03T00:46:51.178Z] presence | thread:undefined | sender:undefined
[2026-04-03T00:47:02.116Z] typ | thread:29764253159885334 | sender:undefined
[2026-04-03T00:47:03.235Z] read_receipt | thread:29764253159885334 | sender:undefined
[2026-04-03T00:47:32.530Z] typ | thread:29764253159885334 | sender:undefined
[2026-04-03T00:47:36.997Z] typ | thread:29764253159885334 | sender:undefined
[2026-04-03T00:47:37.603Z] read_receipt | thread:29764253159885334 | sender:undefined
[2026-04-03T00:47:38.060Z] read_receipt | thread:29764253159885334 | sender:undefined
[2026-04-03T00:47:43.232Z] read_receipt | thread:29764253159885334 | sender:undefined
[2026-04-03T00:47:43.763Z] read_receipt | thread:29764253159885334 | sender:undefined
[2026-04-03T00:47:44.077Z] typ | thread:29764253159885334 | sender:undefined
[2026-04-03T00:47:49.000Z] typ | thread:29764253159885334 | sender:undefined
[2026-04-03T00:47:49.726Z] read_receipt | thread:29764253159885334 | sender:undefined
[2026-04-03T00:47:49.727Z] read_receipt | thread:29764253159885334 | sender:undefined
[2026-04-03T00:47:49.932Z] read_receipt | thread:29764253159885334 | sender:undefined
[2026-04-03T00:47:50.321Z] read_receipt | thread:29764253159885334 | sender:undefined
[2026-04-03T00:47:54.432Z] message_reaction | thread:29764253159885334 | sender:61587114874994
[2026-04-03T00:48:11.551Z] read_receipt | thread:26031201313201928 | sender:undefined
[2026-04-03T00:48:46.669Z] read_receipt | thread:26031201313201928 | sender:undefined
[2026-04-03T00:49:12.236Z] typ | thread:29764253159885334 | sender:undefined
[2026-04-03T00:49:16.116Z] typ | thread:29764253159885334 | sender:undefined
[2026-04-03T00:49:19.964Z] read_receipt | thread:29764253159885334 | sender:undefined
[2026-04-03T00:49:21.538Z] presence | thread:undefined | sender:undefined
[2026-04-03T00:51:25.987Z] event | thread:1489613129538723 | sender:undefined
[2026-04-03T00:51:29.985Z] typ | thread:1489613129538723 | sender:undefined
[2026-04-03T00:51:32.684Z] typ | thread:1489613129538723 | sender:undefined
[2026-04-03T00:51:34.311Z] message_reaction | thread:1489613129538723 | sender:100000434205615
[2026-04-03T00:51:51.964Z] typ | thread:1489613129538723 | sender:undefined
[2026-04-03T00:51:54.057Z] typ | thread:1489613129538723 | sender:undefined
[2026-04-03T00:51:56.897Z] message_reaction | thread:1489613129538723 | sender:61578796876651
[2026-04-03T00:51:59.597Z] typ | thread:1489613129538723 | sender:undefined
[2026-04-03T00:52:04.183Z] event | thread:1489613129538723 | sender:undefined
[2026-04-03T00:52:04.899Z] typ | thread:1489613129538723 | sender:undefined
[2026-04-03T00:52:07.220Z] message_reaction | thread:1489613129538723 | sender:61578796876651
[2026-04-03T00:52:26.801Z] event | thread:1489613129538723 | sender:undefined
[2026-04-03T00:52:38.792Z] message_reaction | thread:1489613129538723 | sender:100000434205615
[2026-04-03T00:55:53.734Z] presence | thread:undefined | sender:undefined
[2026-04-03T00:55:53.735Z] presence | thread:undefined | sender:undefined
[2026-04-03T00:55:53.735Z] presence | thread:undefined | sender:undefined
[2026-04-03T00:57:08.081Z] typ | thread:1489613129538723 | sender:undefined
[2026-04-03T00:57:09.338Z] typ | thread:1489613129538723 | sender:undefined
[2026-04-03T00:57:47.893Z] presence | thread:undefined | sender:undefined
[2026-04-03T00:57:47.894Z] presence | thread:undefined | sender:undefined
[2026-04-03T00:57:47.894Z] presence | thread:undefined | sender:undefined
[2026-04-03T00:57:47.894Z] presence | thread:undefined | sender:undefined
[2026-04-03T00:58:02.009Z] typ | thread:851427114136733 | sender:undefined
[2026-04-03T00:58:02.421Z] typ | thread:851427114136733 | sender:undefined
[2026-04-03T00:58:03.299Z] typ | thread:851427114136733 | sender:undefined
[2026-04-03T00:58:06.800Z] typ | thread:851427114136733 | sender:undefined
[2026-04-03T00:58:19.074Z] read_receipt | thread:851427114136733 | sender:undefined
[2026-04-03T00:59:14.911Z] typ | thread:29764253159885334 | sender:undefined
[2026-04-03T00:59:17.027Z] typ | thread:29764253159885334 | sender:undefined
[2026-04-03T00:59:22.968Z] read_receipt | thread:29764253159885334 | sender:undefined
[2026-04-03T00:59:37.107Z] read_receipt | thread:29764253159885334 | sender:undefined
[2026-04-03T00:59:38.396Z] typ | thread:29764253159885334 | sender:undefined
[2026-04-03T00:59:39.837Z] typ | thread:29764253159885334 | sender:undefined
[2026-04-03T00:59:41.432Z] message_reaction | thread:29764253159885334 | sender:100000434205615
[2026-04-03T00:59:43.416Z] read_receipt | thread:29764253159885334 | sender:undefined
[2026-04-03T00:59:49.424Z] read_receipt | thread:851427114136733 | sender:undefined
[2026-04-03T00:59:50.669Z] message_reaction | thread:851427114136733 | sender:100000434205615
[2026-04-03T01:00:03.009Z] read_receipt | thread:29764253159885334 | sender:undefined
[2026-04-03T01:00:22.535Z] read_receipt | thread:29764253159885334 | sender:undefined
[2026-04-03T01:00:23.575Z] message_reaction | thread:29764253159885334 | sender:61574356829121
[2026-04-03T01:00:24.887Z] presence | thread:undefined | sender:undefined
[2026-04-03T01:00:24.888Z] presence | thread:undefined | sender:undefined
[2026-04-03T01:00:24.888Z] presence | thread:undefined | sender:undefined
[2026-04-03T01:00:24.888Z] presence | thread:undefined | sender:undefined
[2026-04-03T01:00:24.888Z] presence | thread:undefined | sender:undefined
[2026-04-03T01:00:25.831Z] read_receipt | thread:29764253159885334 | sender:undefined
[2026-04-03T01:00:31.079Z] message_reaction | thread:29764253159885334 | sender:100000434205615
[2026-04-03T01:00:31.783Z] read_receipt | thread:29764253159885334 | sender:undefined
[2026-04-03T01:00:35.003Z] message_reaction | thread:29764253159885334 | sender:100000434205615
[2026-04-03T01:00:38.667Z] message_reaction | thread:29764253159885334 | sender:61583739652803
[2026-04-03T01:00:41.812Z] typ | thread:29764253159885334 | sender:undefined
[2026-04-03T01:00:42.907Z] typ | thread:29764253159885334 | sender:undefined
[2026-04-03T01:00:43.243Z] typ | thread:29764253159885334 | sender:undefined
[2026-04-03T01:00:52.416Z] typ | thread:29764253159885334 | sender:undefined
[2026-04-03T01:00:53.576Z] message_reaction | thread:29764253159885334 | sender:61575458079459
[2026-04-03T01:00:54.496Z] message_reaction | thread:29764253159885334 | sender:61583739652803
[2026-04-03T01:00:55.006Z] message_reaction | thread:29764253159885334 | sender:61575458079459
[2026-04-03T01:00:57.110Z] read_receipt | thread:29764253159885334 | sender:undefined
[2026-04-03T01:01:01.491Z] read_receipt | thread:29764253159885334 | sender:undefined
[2026-04-03T01:01:03.074Z] message_reaction | thread:29764253159885334 | sender:100000434205615
[2026-04-03T01:01:04.764Z] typ | thread:29764253159885334 | sender:undefined
[2026-04-03T01:01:06.781Z] typ | thread:29764253159885334 | sender:undefined
[2026-04-03T01:01:09.285Z] message_reaction | thread:29764253159885334 | sender:61575458079459
[2026-04-03T01:01:10.359Z] read_receipt | thread:29764253159885334 | sender:undefined
[2026-04-03T01:01:13.070Z] read_receipt | thread:29764253159885334 | sender:undefined
[2026-04-03T01:01:13.405Z] read_receipt | thread:29764253159885334 | sender:undefined
[2026-04-03T01:01:15.791Z] read_receipt | thread:29764253159885334 | sender:undefined
[2026-04-03T01:01:17.211Z] read_receipt | thread:29764253159885334 | sender:undefined
[2026-04-03T01:01:17.342Z] typ | thread:29764253159885334 | sender:undefined
[2026-04-03T01:01:19.229Z] message_reaction | thread:29764253159885334 | sender:61583739652803
[2026-04-03T01:01:19.521Z] typ | thread:29764253159885334 | sender:undefined
[2026-04-03T01:01:20.052Z] read_receipt | thread:29764253159885334 | sender:undefined
[2026-04-03T01:01:20.259Z] read_receipt | thread:29764253159885334 | sender:undefined
[2026-04-03T01:01:22.134Z] typ | thread:29764253159885334 | sender:undefined
[2026-04-03T01:01:23.229Z] typ | thread:29764253159885334 | sender:undefined
[2026-04-03T01:01:27.891Z] typ | thread:29764253159885334 | sender:undefined
[2026-04-03T01:01:28.585Z] read_receipt | thread:29764253159885334 | sender:undefined
[2026-04-03T01:01:28.868Z] typ | thread:29764253159885334 | sender:undefined
[2026-04-03T01:01:30.643Z] message_reaction | thread:29764253159885334 | sender:100000434205615
[2026-04-03T01:01:32.064Z] typ | thread:29764253159885334 | sender:undefined
[2026-04-03T01:01:32.195Z] read_receipt | thread:29764253159885334 | sender:undefined
[2026-04-03T01:01:35.807Z] typ | thread:29764253159885334 | sender:undefined
[2026-04-03T01:01:36.457Z] read_receipt | thread:29764253159885334 | sender:undefined
[2026-04-03T01:01:44.957Z] typ | thread:29764253159885334 | sender:undefined
[2026-04-03T01:01:47.743Z] typ | thread:29764253159885334 | sender:undefined
[2026-04-03T01:01:48.904Z] read_receipt | thread:29764253159885334 | sender:undefined
[2026-04-03T01:01:49.131Z] typ | thread:29764253159885334 | sender:undefined
[2026-04-03T01:01:50.519Z] typ | thread:29764253159885334 | sender:undefined
[2026-04-03T01:01:50.791Z] typ | thread:29764253159885334 | sender:undefined
[2026-04-03T01:01:53.695Z] typ | thread:29764253159885334 | sender:undefined
[2026-04-03T01:01:54.542Z] read_receipt | thread:29764253159885334 | sender:undefined
[2026-04-03T01:01:55.345Z] message_reaction | thread:29764253159885334 | sender:61574356829121
[2026-04-03T01:02:02.152Z] read_receipt | thread:29764253159885334 | sender:undefined
[2026-04-03T01:02:02.706Z] read_receipt | thread:29764253159885334 | sender:undefined
[2026-04-03T01:02:08.127Z] typ | thread:29764253159885334 | sender:undefined
[2026-04-03T01:02:13.192Z] typ | thread:29764253159885334 | sender:undefined
[2026-04-03T01:02:13.812Z] read_receipt | thread:29764253159885334 | sender:undefined
[2026-04-03T01:02:14.047Z] read_receipt | thread:29764253159885334 | sender:undefined
[2026-04-03T01:02:14.612Z] message_reaction | thread:29764253159885334 | sender:61583739652803
[2026-04-03T01:03:20.749Z] presence | thread:undefined | sender:undefined
[2026-04-03T01:03:20.749Z] presence | thread:undefined | sender:undefined
[2026-04-03T01:03:20.750Z] presence | thread:undefined | sender:undefined
[2026-04-03T01:03:20.750Z] presence | thread:undefined | sender:undefined
[2026-04-03T01:03:20.750Z] presence | thread:undefined | sender:undefined
[2026-04-03T01:03:20.750Z] presence | thread:undefined | sender:undefined
[2026-04-03T01:03:20.751Z] presence | thread:undefined | sender:undefined
[2026-04-03T01:03:26.408Z] message_reaction | thread:29764253159885334 | sender:100000434205615
[2026-04-03T01:03:26.863Z] read_receipt | thread:29764253159885334 | sender:undefined
[2026-04-03T01:03:33.509Z] typ | thread:29764253159885334 | sender:undefined
[2026-04-03T01:03:37.552Z] typ | thread:29764253159885334 | sender:undefined
[2026-04-03T01:03:38.952Z] read_receipt | thread:29764253159885334 | sender:undefined
[2026-04-03T01:03:42.378Z] read_receipt | thread:29764253159885334 | sender:undefined
[2026-04-03T01:03:47.854Z] message_reaction | thread:29764253159885334 | sender:61583739652803
[2026-04-03T01:03:48.048Z] message_reaction | thread:29764253159885334 | sender:61583739652803
[2026-04-03T01:03:54.738Z] typ | thread:29764253159885334 | sender:undefined
[2026-04-03T01:03:56.255Z] read_receipt | thread:29764253159885334 | sender:undefined
[2026-04-03T01:03:56.538Z] typ | thread:29764253159885334 | sender:undefined
[2026-04-03T01:03:56.743Z] read_receipt | thread:29764253159885334 | sender:undefined
[2026-04-03T01:03:57.167Z] typ | thread:29764253159885334 | sender:undefined
[2026-04-03T01:04:01.340Z] read_receipt | thread:29764253159885334 | sender:undefined
[2026-04-03T01:04:01.633Z] typ | thread:29764253159885334 | sender:undefined
[2026-04-03T01:04:04.713Z] read_receipt | thread:29764253159885334 | sender:undefined
[2026-04-03T01:04:06.014Z] typ | thread:29764253159885334 | sender:undefined
[2026-04-03T01:04:08.453Z] read_receipt | thread:29764253159885334 | sender:undefined
[2026-04-03T01:04:08.714Z] read_receipt | thread:29764253159885334 | sender:undefined
[2026-04-03T01:04:10.241Z] typ | thread:29764253159885334 | sender:undefined
[2026-04-03T01:04:11.088Z] read_receipt | thread:29764253159885334 | sender:undefined
[2026-04-03T01:04:12.846Z] message_reaction | thread:29764253159885334 | sender:100000434205615
[2026-04-03T01:04:16.606Z] typ | thread:29764253159885334 | sender:undefined
[2026-04-03T01:04:17.096Z] typ | thread:29764253159885334 | sender:undefined
[2026-04-03T01:04:17.832Z] read_receipt | thread:29764253159885334 | sender:undefined
[2026-04-03T01:04:22.309Z] typ | thread:29764253159885334 | sender:undefined
[2026-04-03T01:04:28.263Z] typ | thread:29764253159885334 | sender:undefined
[2026-04-03T01:04:28.751Z] typ | thread:29764253159885334 | sender:undefined
[2026-04-03T01:04:31.807Z] typ | thread:29764253159885334 | sender:undefined
[2026-04-03T01:04:56.897Z] read_receipt | thread:29764253159885334 | sender:undefined
[2026-04-03T01:04:56.939Z] typ | thread:29764253159885334 | sender:undefined
[2026-04-03T01:04:59.390Z] typ | thread:29764253159885334 | sender:undefined
[2026-04-03T01:04:59.867Z] typ | thread:29764253159885334 | sender:undefined
[2026-04-03T01:05:00.149Z] typ | thread:29764253159885334 | sender:undefined
[2026-04-03T01:05:00.420Z] typ | thread:29764253159885334 | sender:undefined
[2026-04-03T01:05:01.960Z] typ | thread:29764253159885334 | sender:undefined
[2026-04-03T01:05:05.299Z] typ | thread:29764253159885334 | sender:undefined
[2026-04-03T01:05:05.364Z] read_receipt | thread:29764253159885334 | sender:undefined
[2026-04-03T01:05:06.568Z] typ | thread:29764253159885334 | sender:undefined
[2026-04-03T01:05:07.489Z] read_receipt | thread:29764253159885334 | sender:undefined
[2026-04-03T01:05:07.923Z] read_receipt | thread:29764253159885334 | sender:undefined
[2026-04-03T01:05:08.248Z] read_receipt | thread:29764253159885334 | sender:undefined
[2026-04-03T01:05:09.041Z] message_reaction | thread:29764253159885334 | sender:61583739652803
[2026-04-03T01:05:19.828Z] message_reaction | thread:29764253159885334 | sender:100000434205615
[2026-04-03T01:05:27.092Z] read_receipt | thread:29764253159885334 | sender:undefined
[2026-04-03T01:05:29.760Z] typ | thread:29764253159885334 | sender:undefined
[2026-04-03T01:05:31.690Z] typ | thread:29764253159885334 | sender:undefined
[2026-04-03T01:05:35.531Z] read_receipt | thread:29764253159885334 | sender:undefined
[2026-04-03T01:05:37.978Z] typ | thread:29764253159885334 | sender:undefined
[2026-04-03T01:05:37.979Z] typ | thread:29764253159885334 | sender:undefined
[2026-04-03T01:05:38.533Z] typ | thread:29764253159885334 | sender:undefined
[2026-04-03T01:05:45.957Z] typ | thread:29764253159885334 | sender:undefined
[2026-04-03T01:05:49.177Z] typ | thread:29764253159885334 | sender:undefined
[2026-04-03T01:05:58.936Z] typ | thread:29764253159885334 | sender:undefined
[2026-04-03T01:05:59.326Z] typ | thread:29764253159885334 | sender:undefined
[2026-04-03T01:06:13.062Z] typ | thread:29764253159885334 | sender:undefined
[2026-04-03T01:06:22.268Z] typ | thread:29764253159885334 | sender:undefined
[2026-04-03T01:06:24.232Z] message_reaction | thread:29764253159885334 | sender:100000434205615
[2026-04-03T01:06:42.532Z] read_receipt | thread:29764253159885334 | sender:undefined
[2026-04-03T01:06:50.871Z] typ | thread:29764253159885334 | sender:undefined
[2026-04-03T01:06:56.204Z] typ | thread:29764253159885334 | sender:undefined
[2026-04-03T01:07:02.178Z] message_reaction | thread:29764253159885334 | sender:61583739652803
[2026-04-03T01:07:11.047Z] read_receipt | thread:851427114136733 | sender:undefined
[2026-04-03T01:07:12.641Z] typ | thread:29764253159885334 | sender:undefined
[2026-04-03T01:07:17.368Z] typ | thread:29764253159885334 | sender:undefined
[2026-04-03T01:07:49.624Z] read_receipt | thread:29764253159885334 | sender:undefined
[2026-04-03T01:07:52.161Z] typ | thread:29764253159885334 | sender:undefined
[2026-04-03T01:07:57.419Z] typ | thread:29764253159885334 | sender:undefined
[2026-04-03T01:07:57.842Z] read_receipt | thread:29764253159885334 | sender:undefined
[2026-04-03T01:08:05.919Z] message_reaction | thread:29764253159885334 | sender:100000434205615
[2026-04-03T01:08:07.491Z] message_reaction | thread:29764253159885334 | sender:100000434205615
[2026-04-03T01:08:19.993Z] read_receipt | thread:29764253159885334 | sender:undefined
[2026-04-03T01:08:20.991Z] presence | thread:undefined | sender:undefined
[2026-04-03T01:08:20.991Z] presence | thread:undefined | sender:undefined
[2026-04-03T01:08:24.601Z] message_reaction | thread:29764253159885334 | sender:61575458079459
[2026-04-03T01:08:38.815Z] typ | thread:29764253159885334 | sender:undefined
[2026-04-03T01:08:40.897Z] typ | thread:29764253159885334 | sender:undefined
[2026-04-03T01:08:41.537Z] read_receipt | thread:29764253159885334 | sender:undefined
[2026-04-03T01:08:43.997Z] message_reaction | thread:29764253159885334 | sender:100000434205615
[2026-04-03T01:08:46.665Z] read_receipt | thread:851427114136733 | sender:undefined
