[2026-04-03T00:44:27.141Z] [MSG] [ADMIN] 100000434205615 (100000434205615) thread:29764253159885334 » /lock
[2026-04-03T00:44:27.145Z] [REPLY] /lock thread:29764253159885334 « 🔒 Lock is currently: OFF
Usage: /lock on | /lock off
[2026-04-03T00:44:27.992Z] [MSG] [USER] 61575538648003 (61575538648003) thread:29764253159885334 » ❌ هذا الأمر للأدمن فقط!
[2026-04-03T00:44:41.073Z] [MSG] [ADMIN] 100000434205615 (100000434205615) thread:29764253159885334 » نورت الوجود
[2026-04-03T00:44:55.459Z] [MSG] [ADMIN] 100000434205615 (100000434205615) thread:29764253159885334 » /lock on
[2026-04-03T00:44:55.461Z] [REPLY] /lock thread:29764253159885334 « 🔒 Bot locked. Non-admins will be silently ignored.
[2026-04-03T00:44:55.959Z] [MSG] [USER] 61575538648003 (61575538648003) thread:29764253159885334 » ❌ هذا الأمر للأدمن فقط!
[2026-04-03T00:45:11.224Z] [MSG] [ADMIN] 100000434205615 (100000434205615) thread:29764253159885334 » /e2ee
[2026-04-03T00:45:11.226Z] [REPLY] /e2ee thread:29764253159885334 « E2EE usage:
/e2ee enable
/e2ee disable
/e2ee pair <threadID> <peerKey>
/e2ee unpair <threadID>
/e2ee status
[2026-04-03T00:45:16.406Z] [MSG] [USER] 61575538648003 (61575538648003) thread:29764253159885334 » ❌ Command Not Found
🤖 This command doesn't exist
📑 Use /help to see all commands
[2026-04-03T00:45:30.144Z] [MSG] [ADMIN] 100000434205615 (100000434205615) thread:29764253159885334 » /e2ee enable
[2026-04-03T00:45:30.148Z] [REPLY] /e2ee thread:29764253159885334 « 🔐 E2EE enabled.
Public key:
MCowBQYDK2VuAyEA8CByrFAVttaF3KPldecuLu4pSWpakKGV3U4T7HPOU1Q=
[2026-04-03T00:45:35.023Z] [MSG] [USER] 61575538648003 (61575538648003) thread:29764253159885334 » ❌ Command Not Found
🤖 This command doesn't exist
📑 Use /help to see all commands
[2026-04-03T00:45:44.521Z] [MSG] [USER] 61587114874994 (61587114874994) thread:29764253159885334 » شبيك
[2026-04-03T00:47:02.075Z] [MSG] [ADMIN] 100000434205615 (100000434205615) thread:29764253159885334 » اقفل بوتك قاعد اجرب كامي الجديد
[2026-04-03T00:47:37.334Z] [MSG] [USER] 61587114874994 (61587114874994) thread:29764253159885334 » /lockon
[2026-04-03T00:47:43.189Z] [MSG] [USER] 61575538648003 (61575538648003) thread:29764253159885334 » ❌ Command Not Found
🤖 This command doesn't exist
💡 Did you mean: "/lock"
[2026-04-03T00:47:49.087Z] [MSG] [USER] 61587114874994 (61587114874994) thread:29764253159885334 » /lock on
[2026-04-03T00:47:49.088Z] [DENIED] 61587114874994 (61587114874994) tried /lock thread:29764253159885334
[2026-04-03T00:47:49.662Z] [MSG] [USER] 61575538648003 (61575538648003) thread:29764253159885334 » 🔒 تم قفل المجموعة!
البوت سيتجاهل جميع الرسائل والأوامر تلقائياً.
فقط الأدمن يمكنه استخدام البوت الآن.
[2026-04-03T00:49:16.356Z] [MSG] [ADMIN] 100000434205615 (100000434205615) thread:29764253159885334 » /health
[2026-04-03T00:49:16.358Z] [REPLY] /health thread:29764253159885334 « 🩺 Health Status
{
  "mqttConnected": true,
  "autoReconnect": true,
  "tokenRefresh": {
    "lastRefresh": 1775177055337,
    "nextRefresh": 14098979,
    "failureCount": 0
  },
  "autoReLogin": {
    "enabled": true,
    "sessionMonitoring": true
  },
  "rateLimiter": {
    "activeRequests": 0,
    "maxConcurrentRequests": 5,
    "maxRequestsPerMinute": 50,
    "requestsInLastMinute": 0,
    "threadCooldowns": 0,
    "endpointCooldowns": 0,
    "errorCacheSize": 0
  }
}
[2026-04-03T00:51:32.839Z] [MSG] [ADMIN] 100000434205615 (100000434205615) thread:1489613129538723 » مازلت تحكد
[2026-04-03T00:51:54.262Z] [MSG] [USER] 61583268517224 (61583268517224) thread:1489613129538723 » وااو
[2026-04-03T00:52:04.975Z] [MSG] [USER] 61578796876651 (61578796876651) thread:1489613129538723 » نعم✌🏿💔يسارق
[2026-04-03T00:57:03.211Z] [MSG] [USER] 61575458079459 (61575458079459) thread:1489613129538723 » 🎈
[2026-04-03T00:57:09.513Z] [MSG] [USER] 61583268517224 (61583268517224) thread:1489613129538723 » وااو
[2026-04-03T00:58:06.965Z] [MSG] [USER] 61587142678804 (61587142678804) thread:851427114136733 » اين مروان
[2026-04-03T00:59:17.136Z] [MSG] [ADMIN] 100000434205615 (100000434205615) thread:29764253159885334 » /reload
[2026-04-03T00:59:40.120Z] [MSG] [ADMIN] 100000434205615 (100000434205615) thread:29764253159885334 » /ping
[2026-04-03T00:59:40.122Z] [REPLY] /ping thread:29764253159885334 « 🏓 Pong!
[2026-04-03T01:00:52.351Z] [MSG] [USER] 61583739652803 (61583739652803) thread:29764253159885334 » انا علاش راني طاير قول صراحة
[2026-04-03T01:01:06.912Z] [MSG] [ADMIN] 100000434205615 (100000434205615) thread:29764253159885334 » /reload
[2026-04-03T01:01:19.762Z] [MSG] [ADMIN] 100000434205615 (100000434205615) thread:29764253159885334 » يحرق كسمك
[2026-04-03T01:01:28.033Z] [MSG] [USER] 61583739652803 (61583739652803) thread:29764253159885334 » ياسين ساحمل بوتي ونرسلهولك واتس
[2026-04-03T01:01:29.258Z] [MSG] [ADMIN] 100000434205615 (100000434205615) thread:29764253159885334 » /e2ee enable
[2026-04-03T01:01:29.262Z] [REPLY] /e2ee thread:29764253159885334 « 🔐 E2EE enabled.
Public key:
MCowBQYDK2VuAyEAxNsRWGV5HhhL1C9xhmQApqzbnf+v/SkPLayM3uXEdSs=
[2026-04-03T01:01:36.253Z] [MSG] [ADMIN] 100000434205615 (100000434205615) thread:29764253159885334 » حسنن وننظفه
[2026-04-03T01:01:47.982Z] [MSG] [USER] 61575458079459 (61575458079459) thread:29764253159885334 » جمال الصغير
[2026-04-03T01:01:53.903Z] [MSG] [USER] 61575458079459 (61575458079459) thread:29764253159885334 » هل تعرف داك المغني
[2026-04-03T01:02:13.407Z] [MSG] [USER] 61583739652803 (61583739652803) thread:29764253159885334 » الم يكن اسمه بلال الصغير
[2026-04-03T01:03:37.803Z] [MSG] [ADMIN] 100000434205615 (100000434205615) thread:29764253159885334 » /commands
[2026-04-03T01:03:56.744Z] [MSG] [ADMIN] 100000434205615 (100000434205615) thread:29764253159885334 » /e2ee
[2026-04-03T01:03:56.747Z] [REPLY] /e2ee thread:29764253159885334 « E2EE usage:
/e2ee enable
/e2ee disable
/e2ee pair <threadID> <peerKey>
/e2ee unpair <threadID>
/e2ee status
[2026-04-03T01:04:02.036Z] [MSG] [ADMIN] 100000434205615 (100000434205615) thread:29764253159885334 » /commands
[2026-04-03T01:04:10.437Z] [MSG] [ADMIN] 100000434205615 (100000434205615) thread:29764253159885334 » لما لا يستوعب الامر
[2026-04-03T01:04:17.247Z] [MSG] [USER] 61583739652803 (61583739652803) thread:29764253159885334 » مهد
[2026-04-03T01:04:28.566Z] [MSG] [ADMIN] 100000434205615 (100000434205615) thread:29764253159885334 » وجدت مكاتب جديدة لكنها معاقة وصعبة
[2026-04-03T01:04:31.917Z] [MSG] [ADMIN] 100000434205615 (100000434205615) thread:29764253159885334 » تشتغل في الخاص ايضا
[2026-04-03T01:05:02.005Z] [MSG] [ADMIN] 100000434205615 (100000434205615) thread:29764253159885334 » /help
[2026-04-03T01:05:02.006Z] [REPLY] /help thread:29764253159885334 « 🤖 Kami v2.0

📌 Commands:
/uptime
/reload 🔒
/ping

💬 Keywords: (none)

⚙️ Admin built-ins 🔒:
/health
/circuitbreaker [trip|reset]
/warmup
/e2ee <sub>
/lock [on|off]

🔒 = admin only
[2026-04-03T01:05:32.095Z] [MSG] [ADMIN] 100000434205615 (100000434205615) thread:29764253159885334 » /uptime
[2026-04-03T01:05:32.097Z] [REPLY] /uptime thread:29764253159885334 « ⏱️ Uptime: 2m 20s
[2026-04-03T01:05:46.056Z] [MSG] [ADMIN] 100000434205615 (100000434205615) thread:29764253159885334 » درك نرفع هذا استضافة واشوف صموده
[2026-04-03T01:05:59.489Z] [MSG] [ADMIN] 100000434205615 (100000434205615) thread:29764253159885334 » هذا بوت مختلف تماماً عن اي شيء لمسته من قبل
[2026-04-03T01:06:22.507Z] [MSG] [ADMIN] 100000434205615 (100000434205615) thread:29764253159885334 » وفيا شعور انه سيصمد بالاسابيع مثل زاو قديما
[2026-04-03T01:06:46.231Z] [MSG] [USER] 100004755828961 (100004755828961) thread:851427114136733 » ✅ تمت إعادة التشغيل بنجاح
⏱ الوقت: 3429.3s
[2026-04-03T01:06:56.107Z] [MSG] [USER] 61583739652803 (61583739652803) thread:29764253159885334 » فالاخير تلقا واحد زنجي داخل حسابك
[2026-04-03T01:07:17.532Z] [MSG] [USER] 61575458079459 (61575458079459) thread:29764253159885334 » واسمه مامادو دجانغو
[2026-04-03T01:07:57.626Z] [MSG] [ADMIN] 100000434205615 (100000434205615) thread:29764253159885334 » انا صنعت هذا الشيء
[2026-04-03T01:08:41.224Z] [MSG] [ADMIN] 100000434205615 (100000434205615) thread:29764253159885334 » حرقتلي عيوني
